-------------------------------------------------------------------------------
Test set: com.tianyu.springcloudcontractdemoconsumer.LoanApplicationServiceTests
-------------------------------------------------------------------------------
Tests run: 2, Failures: 0, Errors: 2, Skipped: 0, Time elapsed: 2.835 s <<< FAILURE! - in com.tianyu.springcloudcontractdemoconsumer.LoanApplicationServiceTests
shouldReturnHello  Time elapsed: 0.001 s  <<< ERROR!
java.lang.IllegalStateException: Failed to load ApplicationContext
Caused by: org.springframework.beans.factory.UnsatisfiedDependencyException: Error creating bean with name 'batchStubRunnerBeanPostProcessor' defined in class path resource [org/springframework/cloud/contract/stubrunner/spring/StubRunnerConfiguration.class]: Unsatisfied dependency expressed through method 'batchStubRunnerBeanPostProcessor' parameter 0; nested exception is org.springframework.beans.factory.BeanCreationException: Error creating bean with name 'batchStubRunner' defined in class path resource [org/springframework/cloud/contract/stubrunner/spring/StubRunnerConfiguration.class]: Bean instantiation via factory method failed; nested exception is org.springframework.beans.BeanInstantiationException: Failed to instantiate [org.springframework.cloud.contract.stubrunner.BatchStubRunner]: Factory method 'batchStubRunner' threw exception; nested exception is java.lang.IllegalArgumentException: No stubs or contracts were found for [com.tianyu:spring-cloud-contract-demo-provider:+:stubs] and the switch to fail on no stubs was set.
Caused by: org.springframework.beans.factory.BeanCreationException: Error creating bean with name 'batchStubRunner' defined in class path resource [org/springframework/cloud/contract/stubrunner/spring/StubRunnerConfiguration.class]: Bean instantiation via factory method failed; nested exception is org.springframework.beans.BeanInstantiationException: Failed to instantiate [org.springframework.cloud.contract.stubrunner.BatchStubRunner]: Factory method 'batchStubRunner' threw exception; nested exception is java.lang.IllegalArgumentException: No stubs or contracts were found for [com.tianyu:spring-cloud-contract-demo-provider:+:stubs] and the switch to fail on no stubs was set.
Caused by: org.springframework.beans.BeanInstantiationException: Failed to instantiate [org.springframework.cloud.contract.stubrunner.BatchStubRunner]: Factory method 'batchStubRunner' threw exception; nested exception is java.lang.IllegalArgumentException: No stubs or contracts were found for [com.tianyu:spring-cloud-contract-demo-provider:+:stubs] and the switch to fail on no stubs was set.
Caused by: java.lang.IllegalArgumentException: No stubs or contracts were found for [com.tianyu:spring-cloud-contract-demo-provider:+:stubs] and the switch to fail on no stubs was set.

shouldBeReturnProperLoanAmount  Time elapsed: 0.001 s  <<< ERROR!
java.lang.IllegalStateException: Failed to load ApplicationContext
Caused by: org.springframework.beans.factory.UnsatisfiedDependencyException: Error creating bean with name 'batchStubRunnerBeanPostProcessor' defined in class path resource [org/springframework/cloud/contract/stubrunner/spring/StubRunnerConfiguration.class]: Unsatisfied dependency expressed through method 'batchStubRunnerBeanPostProcessor' parameter 0; nested exception is org.springframework.beans.factory.BeanCreationException: Error creating bean with name 'batchStubRunner' defined in class path resource [org/springframework/cloud/contract/stubrunner/spring/StubRunnerConfiguration.class]: Bean instantiation via factory method failed; nested exception is org.springframework.beans.BeanInstantiationException: Failed to instantiate [org.springframework.cloud.contract.stubrunner.BatchStubRunner]: Factory method 'batchStubRunner' threw exception; nested exception is java.lang.IllegalArgumentException: No stubs or contracts were found for [com.tianyu:spring-cloud-contract-demo-provider:+:stubs] and the switch to fail on no stubs was set.
Caused by: org.springframework.beans.factory.BeanCreationException: Error creating bean with name 'batchStubRunner' defined in class path resource [org/springframework/cloud/contract/stubrunner/spring/StubRunnerConfiguration.class]: Bean instantiation via factory method failed; nested exception is org.springframework.beans.BeanInstantiationException: Failed to instantiate [org.springframework.cloud.contract.stubrunner.BatchStubRunner]: Factory method 'batchStubRunner' threw exception; nested exception is java.lang.IllegalArgumentException: No stubs or contracts were found for [com.tianyu:spring-cloud-contract-demo-provider:+:stubs] and the switch to fail on no stubs was set.
Caused by: org.springframework.beans.BeanInstantiationException: Failed to instantiate [org.springframework.cloud.contract.stubrunner.BatchStubRunner]: Factory method 'batchStubRunner' threw exception; nested exception is java.lang.IllegalArgumentException: No stubs or contracts were found for [com.tianyu:spring-cloud-contract-demo-provider:+:stubs] and the switch to fail on no stubs was set.
Caused by: java.lang.IllegalArgumentException: No stubs or contracts were found for [com.tianyu:spring-cloud-contract-demo-provider:+:stubs] and the switch to fail on no stubs was set.

